<?xml version="1.0" encoding="UTF-8"?>
<testng-results ignored="0" total="1" passed="1" failed="0" skipped="0">
  <reporter-output>
  </reporter-output>
  <suite started-at="2022-03-24T19:55:51Z" name="Shop App Automation" finished-at="2022-03-24T19:57:25Z" duration-ms="93486">
    <groups>
    </groups>
    <test started-at="2022-03-24T19:55:51Z" name="Shop App Automation - Tests" finished-at="2022-03-24T19:57:25Z" duration-ms="93486">
      <class name="com.shop.test.PlaceAnOrderTest">
        <test-method signature="VerifyOrderPlacement()[pri:0, instance:com.shop.test.PlaceAnOrderTest@4d6025c5]" started-at="2022-03-25T00:55:51Z" name="VerifyOrderPlacement" finished-at="2022-03-25T00:57:25Z" duration-ms="93467" status="PASS">
          <reporter-output>
          </reporter-output>
        </test-method> <!-- VerifyOrderPlacement -->
        <test-method is-config="true" signature="afterSuiteFlush()[pri:0, instance:com.shop.test.PlaceAnOrderTest@4d6025c5]" started-at="2022-03-25T00:57:25Z" name="afterSuiteFlush" finished-at="2022-03-25T00:57:25Z" duration-ms="346" status="PASS">
          <reporter-output>
          </reporter-output>
        </test-method> <!-- afterSuiteFlush -->
      </class> <!-- com.shop.test.PlaceAnOrderTest -->
    </test> <!-- Shop App Automation - Tests -->
  </suite> <!-- Shop App Automation -->
</testng-results>
